<?xml version="1.0" encoding="UTF-8"?>
<testng-results total="1" passed="1" failed="0" skipped="0">
  <reporter-output>
  </reporter-output>
  <suite started-at="2020-05-05T12:28:35Z" name="Default suite" finished-at="2020-05-05T12:28:51Z" duration-ms="16344">
    <groups>
    </groups>
    <test started-at="2020-05-05T12:28:35Z" name="Default test" finished-at="2020-05-05T12:28:51Z" duration-ms="16344">
      <class name="com.google.tests.GoogleSearchTests">
        <test-method is-config="true" signature="setup()[pri:0, instance:com.google.tests.GoogleSearchTests@20d3d15a]" started-at="2020-05-05T08:28:35Z" name="setup" finished-at="2020-05-05T08:28:42Z" duration-ms="6705" status="PASS">
          <reporter-output>
          </reporter-output>
        </test-method> <!-- setup -->
        <test-method signature="searchSecondResultPage(java.lang.String)[pri:0, instance:com.google.tests.GoogleSearchTests@20d3d15a]" started-at="2020-05-05T08:28:42Z" name="searchSecondResultPage" data-provider="languages" finished-at="2020-05-05T08:28:51Z" duration-ms="9609" status="PASS">
          <params>
            <param index="0">
              <value>
                <![CDATA[en]]>
              </value>
            </param>
          </params>
          <reporter-output>
          </reporter-output>
        </test-method> <!-- searchSecondResultPage -->
      </class> <!-- com.google.tests.GoogleSearchTests -->
    </test> <!-- Default test -->
  </suite> <!-- Default suite -->
</testng-results>
